<?xml version="1.0" encoding="UTF-8"?>
<!-- Generated by org.testng.reporters.JUnitXMLReporter -->
<testsuite hostname="Num30-PC" name="testname" tests="3" failures="0" timestamp="29 Feb 2016 02:56:49 GMT" time="11.673" errors="0">
  <testcase name="loginkiwi" time="3.317" classname="demo.selenium.kiwi.TestLogin"/>
  <testcase name="test1" time="0.001" classname="demo.selenium.kiwi.TestOrder"/>
  <testcase name="test2" time="0.002" classname="demo.selenium.kiwi.TestOrder"/>
</testsuite> <!-- testname -->
